17
7 0 1 2 3 4 5 6 
7 7 8 9 10 11 12 13 
0 4 2
1 4 2
2 1 16
3 6 4
4 4 4
5 4 0
6 1 16
7 1 16
8 1 16
9 15 2
10 16 1
11 16 1
12 17 0
13 11 6
14 11 4
15 9 4
16 16 1
17 15 1
18 12 4
19 13 3
20 14 2
21 16 1
22 11 5
23 11 5
24 15 1
25 7 5
26 7 8
27 5 6
28 5 6
29 8 0
30 12 0
31 17 0
32 15 1
33 16 0
34 15 2
35 11 5
36 14 2
37 8 6
38 6 6
39 6 6
40 10 2
41 14 0
42 9 5
43 10 5
44 12 2
45 14 1
46 13 2
47 11 4
48 9 6
49 10 5
50 15 0
51 11 4
52 13 2
53 9 6

