34
41 0 1 2 3 4 5 6 7 8 9 10 11 12 13 14 15 16 17 18 19 20 21 22 23 24 25 26 27 28 29 30 31 32 33 34 35 36 37 38 39 40 
32 41 42 43 44 45 46 47 48 49 50 51 52 53 54 55 56 57 58 59 60 61 62 63 64 65 66 67 68 69 70 71 72 
0 3 2
1 3 2
2 3 2
3 3 2
4 3 2
5 3 2
6 3 2
7 3 2
8 3 2
9 3 2
10 3 2
11 3 2
12 3 2
13 3 2
14 3 2
15 3 2
16 3 2
17 3 2
18 3 2
19 3 2
20 3 2
21 3 2
22 3 2
23 3 2
24 3 2
25 3 2
26 3 2
27 3 2
28 3 2
29 3 2
30 3 2
31 3 2
32 1 7
33 1 7
34 1 7
35 1 7
36 1 7
37 1 7
38 1 7
39 1 7
40 8 0
41 34 0
42 34 0
43 34 0
44 34 0
45 34 0
46 34 0
47 34 0
48 34 0
49 34 0
50 34 0
51 34 0
52 34 0
53 34 0
54 34 0
55 34 0
56 34 0
57 34 0
58 34 0
59 34 0
60 34 0
61 34 0
62 34 0
63 34 0
64 34 0
65 34 0
66 34 0
67 34 0
68 34 0
69 34 0
70 34 0
71 34 0
72 34 0
73 4 2
74 4 2
75 4 2
76 4 2
77 4 2
78 4 2
79 4 2
80 4 2
81 4 2
82 4 2
83 4 2
84 4 2
85 4 2
86 4 2
87 4 2
88 4 2
89 9 0
90 9 0
91 9 0
92 9 0
93 9 0
94 9 0
95 9 0
96 9 0
97 4 5
98 4 5
99 4 5
100 4 5
101 4 5
102 4 5
103 4 5
104 4 5
105 4 5
106 4 5
107 4 5
108 4 5
109 4 5
110 4 5
111 4 5
112 4 5
113 6 2
114 6 2
115 6 2
116 6 2
117 6 2
118 6 2
119 6 2
120 6 2
121 5 5
122 5 5
123 5 5
124 5 5
125 5 5
126 5 5
127 5 5
128 5 5
129 7 2
130 7 2
131 7 2
132 7 2
133 7 2
134 7 2
135 7 2
136 7 2
137 10 0
138 10 0
139 10 0
140 10 0
141 10 0
142 10 0
143 10 0
144 10 0
145 22 0
146 22 0
147 22 0
148 22 0
149 22 0
150 22 0
151 22 0
152 22 0
153 23 0
154 23 0
155 23 0
156 23 0
157 23 0
158 23 0
159 23 0
160 23 0
161 23 0
162 23 0
163 23 0
164 23 0
165 23 5
166 23 5
167 23 5
168 23 5
169 23 5
170 23 5
171 23 5
172 23 5
173 23 0
174 23 0
175 23 0
176 23 0
177 23 0
178 23 0
179 23 0
180 23 0
181 23 0
182 23 0
183 23 0
184 23 0
185 23 5
186 23 5
187 23 5
188 23 5
189 23 5
190 23 5
191 23 5
192 23 5
193 24 0
194 24 0
195 24 0
196 24 0
197 24 0
198 24 0
199 24 0
200 24 0
201 28 0
202 28 0
203 32 0
204 32 0
205 32 0
206 32 0
207 32 0
208 32 0
209 32 0
210 32 0
211 33 0
212 33 0
213 33 0
214 33 0
215 33 0
216 33 0
217 33 0
218 33 0
219 33 0
220 33 0
221 33 0
222 33 0
223 33 0
224 33 0
225 33 0
226 33 0
227 33 0
228 33 0
229 33 0
230 33 0
231 33 0
232 33 0
233 33 0
234 33 0
235 33 0
236 33 0
237 33 0
238 33 0
239 33 0
240 33 0
241 33 0
242 33 0
243 34 0
244 34 0
245 34 0
246 34 0
247 34 0
248 34 0
249 34 0
250 34 0
251 34 0
252 34 0
253 34 0
254 34 0
255 34 0
256 34 0
257 34 0
258 34 0
259 34 0
260 34 0
261 34 0
262 34 0
263 34 0
264 34 0
265 34 0
266 34 0
267 34 0
268 34 0
269 34 0
270 34 0
271 34 0
272 34 0
273 34 0
274 34 0

